Base path: F:/Unity5/Editor/Editor/Data
Cmd: getPlatforms
Cmd: compileCompute
  error: 1 plat 4 at SPHSimulation.compute(64): 'pow': conversion from larger type to smaller, possible loss of data
  error: 1 plat 4 at SPHSimulation.compute(79): 'pow': conversion from larger type to smaller, possible loss of data
  error: 1 plat 4 at SPHSimulation.compute(79): conversion from larger type to smaller, possible loss of data
  error: 1 plat 4 at SPHSimulation.compute(93): 'pow': conversion from larger type to smaller, possible loss of data
  error: 1 plat 4 at SPHSimulation.compute(93): conversion from larger type to smaller, possible loss of data
  error: 1 plat 4 at SPHSimulation.compute(109): 'pow': conversion from larger type to smaller, possible loss of data
  error: 1 plat 4 at SPHSimulation.compute(109): pow(f, e) will not work for negative f, use abs(f) or conditionally handle negative values if you expect them
  error: 1 plat 4 at SPHSimulation.compute(110): 'pow': conversion from larger type to smaller, possible loss of data
  error: 1 plat 4 at SPHSimulation.compute(260): signed/unsigned mismatch, unsigned assumed
  error: 1 plat 4 at SPHSimulation.compute(299): conversion from larger type to smaller, possible loss of data
  error: 1 plat 4 at SPHSimulation.compute(305): conversion from larger type to smaller, possible loss of data
  error: 1 plat 4 at SPHSimulation.compute(338): conversion from larger type to smaller, possible loss of data
  api=4 insize=7446 outsize=11741 ok=1
Cmd: compileCompute
  error: 1 plat 4 at SPHSimulation.compute(64): 'pow': conversion from larger type to smaller, possible loss of data
  error: 1 plat 4 at SPHSimulation.compute(79): 'pow': conversion from larger type to smaller, possible loss of data
  error: 1 plat 4 at SPHSimulation.compute(79): conversion from larger type to smaller, possible loss of data
  error: 1 plat 4 at SPHSimulation.compute(93): 'pow': conversion from larger type to smaller, possible loss of data
  error: 1 plat 4 at SPHSimulation.compute(93): conversion from larger type to smaller, possible loss of data
  error: 1 plat 4 at SPHSimulation.compute(109): 'pow': conversion from larger type to smaller, possible loss of data
  error: 1 plat 4 at SPHSimulation.compute(109): pow(f, e) will not work for negative f, use abs(f) or conditionally handle negative values if you expect them
  error: 1 plat 4 at SPHSimulation.compute(110): 'pow': conversion from larger type to smaller, possible loss of data
  error: 1 plat 4 at SPHSimulation.compute(260): signed/unsigned mismatch, unsigned assumed
  error: 1 plat 4 at SPHSimulation.compute(299): conversion from larger type to smaller, possible loss of data
  error: 1 plat 4 at SPHSimulation.compute(305): conversion from larger type to smaller, possible loss of data
  error: 1 plat 4 at SPHSimulation.compute(338): conversion from larger type to smaller, possible loss of data
  api=4 insize=7450 outsize=11709 ok=1
Cmd: compileCompute
  error: 1 plat 4 at SPHSimulation.compute(64): 'pow': conversion from larger type to smaller, possible loss of data
  error: 1 plat 4 at SPHSimulation.compute(79): 'pow': conversion from larger type to smaller, possible loss of data
  error: 1 plat 4 at SPHSimulation.compute(79): conversion from larger type to smaller, possible loss of data
  error: 1 plat 4 at SPHSimulation.compute(93): 'pow': conversion from larger type to smaller, possible loss of data
  error: 1 plat 4 at SPHSimulation.compute(93): conversion from larger type to smaller, possible loss of data
  error: 1 plat 4 at SPHSimulation.compute(109): 'pow': conversion from larger type to smaller, possible loss of data
  error: 1 plat 4 at SPHSimulation.compute(109): pow(f, e) will not work for negative f, use abs(f) or conditionally handle negative values if you expect them
  error: 1 plat 4 at SPHSimulation.compute(110): 'pow': conversion from larger type to smaller, possible loss of data
  error: 1 plat 4 at SPHSimulation.compute(260): signed/unsigned mismatch, unsigned assumed
  error: 1 plat 4 at SPHSimulation.compute(299): conversion from larger type to smaller, possible loss of data
  error: 1 plat 4 at SPHSimulation.compute(305): conversion from larger type to smaller, possible loss of data
  error: 1 plat 4 at SPHSimulation.compute(338): conversion from larger type to smaller, possible loss of data
  api=4 insize=7446 outsize=11741 ok=1
Cmd: compileCompute
  error: 1 plat 4 at SPHSimulation.compute(64): 'pow': conversion from larger type to smaller, possible loss of data
  error: 1 plat 4 at SPHSimulation.compute(79): 'pow': conversion from larger type to smaller, possible loss of data
  error: 1 plat 4 at SPHSimulation.compute(79): conversion from larger type to smaller, possible loss of data
  error: 1 plat 4 at SPHSimulation.compute(93): 'pow': conversion from larger type to smaller, possible loss of data
  error: 1 plat 4 at SPHSimulation.compute(93): conversion from larger type to smaller, possible loss of data
  error: 1 plat 4 at SPHSimulation.compute(109): 'pow': conversion from larger type to smaller, possible loss of data
  error: 1 plat 4 at SPHSimulation.compute(109): pow(f, e) will not work for negative f, use abs(f) or conditionally handle negative values if you expect them
  error: 1 plat 4 at SPHSimulation.compute(110): 'pow': conversion from larger type to smaller, possible loss of data
  error: 1 plat 4 at SPHSimulation.compute(260): signed/unsigned mismatch, unsigned assumed
  error: 1 plat 4 at SPHSimulation.compute(299): conversion from larger type to smaller, possible loss of data
  error: 1 plat 4 at SPHSimulation.compute(305): conversion from larger type to smaller, possible loss of data
  error: 1 plat 4 at SPHSimulation.compute(338): conversion from larger type to smaller, possible loss of data
  api=4 insize=7445 outsize=11741 ok=1
Cmd: compileCompute
  error: 1 plat 4 at SPHSimulation.compute(64): 'pow': conversion from larger type to smaller, possible loss of data
  error: 1 plat 4 at SPHSimulation.compute(79): 'pow': conversion from larger type to smaller, possible loss of data
  error: 1 plat 4 at SPHSimulation.compute(79): conversion from larger type to smaller, possible loss of data
  error: 1 plat 4 at SPHSimulation.compute(93): 'pow': conversion from larger type to smaller, possible loss of data
  error: 1 plat 4 at SPHSimulation.compute(93): conversion from larger type to smaller, possible loss of data
  error: 1 plat 4 at SPHSimulation.compute(109): 'pow': conversion from larger type to smaller, possible loss of data
  error: 1 plat 4 at SPHSimulation.compute(109): pow(f, e) will not work for negative f, use abs(f) or conditionally handle negative values if you expect them
  error: 1 plat 4 at SPHSimulation.compute(110): 'pow': conversion from larger type to smaller, possible loss of data
  error: 1 plat 4 at SPHSimulation.compute(260): signed/unsigned mismatch, unsigned assumed
  error: 1 plat 4 at SPHSimulation.compute(299): conversion from larger type to smaller, possible loss of data
  error: 1 plat 4 at SPHSimulation.compute(305): conversion from larger type to smaller, possible loss of data
  error: 1 plat 4 at SPHSimulation.compute(338): conversion from larger type to smaller, possible loss of data
  api=4 insize=7445 outsize=11745 ok=1
Cmd: compileCompute
  error: 1 plat 4 at SPHSimulation.compute(64): 'pow': conversion from larger type to smaller, possible loss of data
  error: 1 plat 4 at SPHSimulation.compute(79): 'pow': conversion from larger type to smaller, possible loss of data
  error: 1 plat 4 at SPHSimulation.compute(79): conversion from larger type to smaller, possible loss of data
  error: 1 plat 4 at SPHSimulation.compute(93): 'pow': conversion from larger type to smaller, possible loss of data
  error: 1 plat 4 at SPHSimulation.compute(93): conversion from larger type to smaller, possible loss of data
  error: 1 plat 4 at SPHSimulation.compute(109): 'pow': conversion from larger type to smaller, possible loss of data
  error: 1 plat 4 at SPHSimulation.compute(109): pow(f, e) will not work for negative f, use abs(f) or conditionally handle negative values if you expect them
  error: 1 plat 4 at SPHSimulation.compute(110): 'pow': conversion from larger type to smaller, possible loss of data
  error: 1 plat 4 at SPHSimulation.compute(261): signed/unsigned mismatch, unsigned assumed
  error: 1 plat 4 at SPHSimulation.compute(300): conversion from larger type to smaller, possible loss of data
  error: 1 plat 4 at SPHSimulation.compute(306): conversion from larger type to smaller, possible loss of data
  error: 1 plat 4 at SPHSimulation.compute(339): conversion from larger type to smaller, possible loss of data
  api=4 insize=7447 outsize=11745 ok=1
Cmd: compileCompute
  error: 1 plat 4 at SPHSimulation.compute(109): pow(f, e) will not work for negative f, use abs(f) or conditionally handle negative values if you expect them
  error: 1 plat 4 at SPHSimulation.compute(261): signed/unsigned mismatch, unsigned assumed
  error: 1 plat 4 at SPHSimulation.compute(339): conversion from larger type to smaller, possible loss of data
  api=4 insize=7435 outsize=11305 ok=1
Cmd: compileCompute
  error: 1 plat 4 at SPHSimulation.compute(109): pow(f, e) will not work for negative f, use abs(f) or conditionally handle negative values if you expect them
  error: 1 plat 4 at SPHSimulation.compute(261): signed/unsigned mismatch, unsigned assumed
  error: 1 plat 4 at SPHSimulation.compute(338): conversion from larger type to smaller, possible loss of data
  api=4 insize=7433 outsize=11305 ok=1
Cmd: compileCompute
  error: 1 plat 4 at SPHSimulation.compute(109): pow(f, e) will not work for negative f, use abs(f) or conditionally handle negative values if you expect them
  error: 1 plat 4 at SPHSimulation.compute(261): signed/unsigned mismatch, unsigned assumed
  api=4 insize=7432 outsize=11069 ok=1
Cmd: compileCompute
  error: 1 plat 4 at SPHSimulation.compute(261): signed/unsigned mismatch, unsigned assumed
  error: 2 plat 4 at SPHSimulation.compute(350): undeclared identifier 'Gravity'
  api=4 insize=7456 outsize=0 ok=0
Cmd: compileCompute
  error: 1 plat 4 at SPHSimulation.compute(261): signed/unsigned mismatch, unsigned assumed
  error: 2 plat 4 at SPHSimulation.compute(350): undeclared identifier 'Gravity'
  api=4 insize=7456 outsize=0 ok=0
Cmd: compileCompute
  error: 1 plat 4 at SPHSimulation.compute(109): pow(f, e) will not work for negative f, use abs(f) or conditionally handle negative values if you expect them
  error: 1 plat 4 at SPHSimulation.compute(261): signed/unsigned mismatch, unsigned assumed
  api=4 insize=7457 outsize=10969 ok=1
Cmd: compileCompute
  error: 1 plat 4 at SPHSimulation.compute(109): pow(f, e) will not work for negative f, use abs(f) or conditionally handle negative values if you expect them
  error: 1 plat 4 at SPHSimulation.compute(261): signed/unsigned mismatch, unsigned assumed
  api=4 insize=7432 outsize=11069 ok=1
